{"E:\\Git\\React Solutions\\RecommendedContact\\recommendedcontact\\src\\Model\\ProfileModel.ts": {"path":"E:\\Git\\React Solutions\\RecommendedContact\\recommendedcontact\\src\\Model\\ProfileModel.ts","statementMap":{"0":{"start":{"line":1,"column":0},"end":{"line":1,"column":13}},"1":{"start":{"line":14,"column":6},"end":{"line":14,"column":20}},"2":{"start":{"line":15,"column":6},"end":{"line":15,"column":26}},"3":{"start":{"line":16,"column":6},"end":{"line":16,"column":19}},"4":{"start":{"line":17,"column":6},"end":{"line":17,"column":25}},"5":{"start":{"line":18,"column":6},"end":{"line":18,"column":23}},"6":{"start":{"line":19,"column":6},"end":{"line":19,"column":22}},"7":{"start":{"line":20,"column":6},"end":{"line":20,"column":23}},"8":{"start":{"line":21,"column":6},"end":{"line":21,"column":null}},"9":{"start":{"line":23,"column":0},"end":{"line":23,"column":null}},"10":{"start":{"line":1,"column":13},"end":{"line":1,"column":24}}},"fnMap":{"0":{"name":"(anonymous_0)","decl":{"start":{"line":1,"column":0},"end":{"line":1,"column":13}},"loc":{"start":{"line":1,"column":0},"end":{"line":23,"column":null}}},"1":{"name":"UserProfile","decl":{"start":{"line":13,"column":4},"end":{"line":13,"column":null}},"loc":{"start":{"line":13,"column":4},"end":{"line":22,"column":5}}}},"branchMap":{},"s":{"0":3,"1":3,"2":3,"3":3,"4":3,"5":3,"6":3,"7":3,"8":3,"9":3,"10":3},"f":{"0":3,"1":3},"b":{}}
,"E:\\Git\\React Solutions\\RecommendedContact\\recommendedcontact\\src\\Model\\ProjectContextModel.ts": {"path":"E:\\Git\\React Solutions\\RecommendedContact\\recommendedcontact\\src\\Model\\ProjectContextModel.ts","statementMap":{"0":{"start":{"line":1,"column":0},"end":{"line":1,"column":13}},"1":{"start":{"line":11,"column":8},"end":{"line":11,"column":23}},"2":{"start":{"line":12,"column":8},"end":{"line":12,"column":31}},"3":{"start":{"line":13,"column":8},"end":{"line":13,"column":25}},"4":{"start":{"line":14,"column":8},"end":{"line":14,"column":24}},"5":{"start":{"line":15,"column":8},"end":{"line":15,"column":34}},"6":{"start":{"line":16,"column":8},"end":{"line":16,"column":30}},"7":{"start":{"line":18,"column":0},"end":{"line":18,"column":null}},"8":{"start":{"line":1,"column":13},"end":{"line":1,"column":32}}},"fnMap":{"0":{"name":"(anonymous_0)","decl":{"start":{"line":1,"column":0},"end":{"line":1,"column":13}},"loc":{"start":{"line":1,"column":0},"end":{"line":18,"column":null}}},"1":{"name":"ProjectContextModel","decl":{"start":{"line":10,"column":4},"end":{"line":10,"column":null}},"loc":{"start":{"line":10,"column":4},"end":{"line":17,"column":5}}}},"branchMap":{},"s":{"0":1,"1":1,"2":1,"3":1,"4":1,"5":1,"6":1,"7":1,"8":1},"f":{"0":1,"1":1},"b":{}}
,"E:\\Git\\React Solutions\\RecommendedContact\\recommendedcontact\\src\\components\\Contactcard\\ContactCardsTest.tsx": {"path":"E:\\Git\\React Solutions\\RecommendedContact\\recommendedcontact\\src\\components\\Contactcard\\ContactCardsTest.tsx","statementMap":{"0":{"start":{"line":1,"column":0},"end":{"line":1,"column":41}},"1":{"start":{"line":2,"column":0},"end":{"line":2,"column":61}},"2":{"start":{"line":16,"column":0},"end":{"line":16,"column":73}},"3":{"start":{"line":16,"column":26},"end":{"line":16,"column":31}},"4":{"start":{"line":20,"column":4},"end":{"line":20,"column":null}},"5":{"start":{"line":17,"column":10},"end":{"line":17,"column":54}},"6":{"start":{"line":18,"column":10},"end":{"line":18,"column":45}},"7":{"start":{"line":21,"column":4},"end":{"line":27,"column":null}},"8":{"start":{"line":31,"column":2},"end":{"line":51,"column":null}},"9":{"start":{"line":32,"column":4},"end":{"line":50,"column":6}},"10":{"start":{"line":53,"column":10},"end":{"line":57,"column":null}},"11":{"start":{"line":54,"column":4},"end":{"line":56,"column":null}},"12":{"start":{"line":59,"column":10},"end":{"line":63,"column":null}},"13":{"start":{"line":60,"column":4},"end":{"line":62,"column":null}},"14":{"start":{"line":64,"column":10},"end":{"line":72,"column":null}},"15":{"start":{"line":65,"column":4},"end":{"line":71,"column":null}},"16":{"start":{"line":66,"column":4},"end":{"line":68,"column":null}},"17":{"start":{"line":73,"column":0},"end":{"line":73,"column":null}},"18":{"start":{"line":75,"column":0},"end":{"line":75,"column":27}}},"fnMap":{"0":{"name":"(anonymous_7)","decl":{"start":{"line":16,"column":0},"end":{"line":16,"column":26}},"loc":{"start":{"line":16,"column":0},"end":{"line":73,"column":null}}},"1":{"name":"ContactCard","decl":{"start":{"line":19,"column":2},"end":{"line":19,"column":14}},"loc":{"start":{"line":19,"column":24},"end":{"line":28,"column":3}}},"2":{"name":"(anonymous_9)","decl":{"start":{"line":31,"column":2},"end":{"line":31,"column":8}},"loc":{"start":{"line":31,"column":2},"end":{"line":51,"column":3}}},"3":{"name":"(anonymous_10)","decl":{"start":{"line":53,"column":2},"end":{"line":53,"column":10}},"loc":{"start":{"line":53,"column":2},"end":{"line":57,"column":3}}},"4":{"name":"(anonymous_11)","decl":{"start":{"line":59,"column":2},"end":{"line":59,"column":10}},"loc":{"start":{"line":59,"column":2},"end":{"line":63,"column":3}}},"5":{"name":"(anonymous_12)","decl":{"start":{"line":64,"column":2},"end":{"line":64,"column":10}},"loc":{"start":{"line":64,"column":36},"end":{"line":72,"column":3}}}},"branchMap":{"0":{"loc":{"start":{"line":20,"column":4},"end":{"line":20,"column":16}},"type":"binary-expr","locations":[{"start":{"line":20,"column":4},"end":{"line":20,"column":16}},{"start":{"line":20,"column":16},"end":{"line":20,"column":null}}]}},"s":{"0":1,"1":1,"2":1,"3":1,"4":1,"5":1,"6":1,"7":1,"8":1,"9":1,"10":1,"11":0,"12":1,"13":0,"14":1,"15":0,"16":0,"17":1,"18":1},"f":{"0":1,"1":1,"2":1,"3":0,"4":0,"5":0},"b":{"0":[1,1]}}
,"E:\\Git\\React Solutions\\RecommendedContact\\recommendedcontact\\src\\components\\DropdownComponent\\DropdownComponentTest.tsx": {"path":"E:\\Git\\React Solutions\\RecommendedContact\\recommendedcontact\\src\\components\\DropdownComponent\\DropdownComponentTest.tsx","statementMap":{"0":{"start":{"line":2,"column":0},"end":{"line":2,"column":26}},"1":{"start":{"line":3,"column":0},"end":{"line":3,"column":57}},"2":{"start":{"line":4,"column":0},"end":{"line":4,"column":76}},"3":{"start":{"line":5,"column":0},"end":{"line":5,"column":55}},"4":{"start":{"line":6,"column":0},"end":{"line":6,"column":53}},"5":{"start":{"line":8,"column":0},"end":{"line":8,"column":18}},"6":{"start":{"line":33,"column":0},"end":{"line":33,"column":99}},"7":{"start":{"line":33,"column":36},"end":{"line":33,"column":41}},"8":{"start":{"line":41,"column":4},"end":{"line":41,"column":null}},"9":{"start":{"line":35,"column":10},"end":{"line":35,"column":57}},"10":{"start":{"line":36,"column":10},"end":{"line":36,"column":53}},"11":{"start":{"line":37,"column":10},"end":{"line":37,"column":58}},"12":{"start":{"line":43,"column":4},"end":{"line":43,"column":45}},"13":{"start":{"line":45,"column":4},"end":{"line":50,"column":null}},"14":{"start":{"line":52,"column":4},"end":{"line":52,"column":57}},"15":{"start":{"line":53,"column":4},"end":{"line":53,"column":57}},"16":{"start":{"line":54,"column":4},"end":{"line":54,"column":45}},"17":{"start":{"line":55,"column":4},"end":{"line":55,"column":43}},"18":{"start":{"line":56,"column":4},"end":{"line":56,"column":65}},"19":{"start":{"line":57,"column":4},"end":{"line":57,"column":57}},"20":{"start":{"line":58,"column":4},"end":{"line":58,"column":63}},"21":{"start":{"line":59,"column":4},"end":{"line":59,"column":69}},"22":{"start":{"line":69,"column":10},"end":{"line":75,"column":null}},"23":{"start":{"line":70,"column":47},"end":{"line":70,"column":49}},"24":{"start":{"line":71,"column":4},"end":{"line":73,"column":null}},"25":{"start":{"line":71,"column":17},"end":{"line":71,"column":18}},"26":{"start":{"line":72,"column":6},"end":{"line":72,"column":50}},"27":{"start":{"line":74,"column":4},"end":{"line":74,"column":23}},"28":{"start":{"line":80,"column":10},"end":{"line":93,"column":null}},"29":{"start":{"line":81,"column":4},"end":{"line":92,"column":null}},"30":{"start":{"line":82,"column":30},"end":{"line":82,"column":54}},"31":{"start":{"line":83,"column":6},"end":{"line":83,"column":45}},"32":{"start":{"line":84,"column":6},"end":{"line":86,"column":9}},"33":{"start":{"line":91,"column":6},"end":{"line":91,"column":25}},"34":{"start":{"line":98,"column":10},"end":{"line":111,"column":null}},"35":{"start":{"line":99,"column":4},"end":{"line":110,"column":null}},"36":{"start":{"line":100,"column":25},"end":{"line":100,"column":57}},"37":{"start":{"line":101,"column":6},"end":{"line":101,"column":49}},"38":{"start":{"line":102,"column":6},"end":{"line":104,"column":9}},"39":{"start":{"line":109,"column":6},"end":{"line":109,"column":25}},"40":{"start":{"line":116,"column":10},"end":{"line":132,"column":null}},"41":{"start":{"line":117,"column":4},"end":{"line":131,"column":null}},"42":{"start":{"line":118,"column":25},"end":{"line":118,"column":57}},"43":{"start":{"line":119,"column":6},"end":{"line":121,"column":null}},"44":{"start":{"line":120,"column":8},"end":{"line":120,"column":39}},"45":{"start":{"line":122,"column":6},"end":{"line":124,"column":9}},"46":{"start":{"line":125,"column":6},"end":{"line":125,"column":56}},"47":{"start":{"line":130,"column":6},"end":{"line":130,"column":25}},"48":{"start":{"line":137,"column":10},"end":{"line":146,"column":null}},"49":{"start":{"line":138,"column":4},"end":{"line":145,"column":null}},"50":{"start":{"line":139,"column":6},"end":{"line":139,"column":80}},"51":{"start":{"line":144,"column":6},"end":{"line":144,"column":25}},"52":{"start":{"line":152,"column":15},"end":{"line":161,"column":null}},"53":{"start":{"line":153,"column":4},"end":{"line":160,"column":null}},"54":{"start":{"line":154,"column":6},"end":{"line":154,"column":70}},"55":{"start":{"line":155,"column":6},"end":{"line":155,"column":68}},"56":{"start":{"line":159,"column":6},"end":{"line":159,"column":25}},"57":{"start":{"line":166,"column":15},"end":{"line":175,"column":null}},"58":{"start":{"line":167,"column":4},"end":{"line":174,"column":null}},"59":{"start":{"line":168,"column":6},"end":{"line":168,"column":73}},"60":{"start":{"line":169,"column":6},"end":{"line":169,"column":71}},"61":{"start":{"line":173,"column":6},"end":{"line":173,"column":25}},"62":{"start":{"line":183,"column":10},"end":{"line":197,"column":null}},"63":{"start":{"line":184,"column":4},"end":{"line":196,"column":null}},"64":{"start":{"line":185,"column":39},"end":{"line":185,"column":63}},"65":{"start":{"line":186,"column":6},"end":{"line":188,"column":null}},"66":{"start":{"line":187,"column":8},"end":{"line":187,"column":34}},"67":{"start":{"line":189,"column":6},"end":{"line":191,"column":9}},"68":{"start":{"line":195,"column":6},"end":{"line":195,"column":25}},"69":{"start":{"line":202,"column":10},"end":{"line":231,"column":null}},"70":{"start":{"line":203,"column":4},"end":{"line":230,"column":null}},"71":{"start":{"line":204,"column":18},"end":{"line":204,"column":26}},"72":{"start":{"line":205,"column":6},"end":{"line":210,"column":null}},"73":{"start":{"line":206,"column":8},"end":{"line":206,"column":22}},"74":{"start":{"line":209,"column":8},"end":{"line":209,"column":38}},"75":{"start":{"line":211,"column":34},"end":{"line":211,"column":56}},"76":{"start":{"line":212,"column":24},"end":{"line":212,"column":53}},"77":{"start":{"line":213,"column":27},"end":{"line":213,"column":48}},"78":{"start":{"line":214,"column":6},"end":{"line":219,"column":null}},"79":{"start":{"line":215,"column":8},"end":{"line":215,"column":114}},"80":{"start":{"line":215,"column":70},"end":{"line":215,"column":113}},"81":{"start":{"line":218,"column":8},"end":{"line":218,"column":45}},"82":{"start":{"line":220,"column":6},"end":{"line":220,"column":32}},"83":{"start":{"line":222,"column":6},"end":{"line":225,"column":9}},"84":{"start":{"line":229,"column":6},"end":{"line":229,"column":25}},"85":{"start":{"line":233,"column":2},"end":{"line":246,"column":null}},"86":{"start":{"line":234,"column":4},"end":{"line":245,"column":6}},"87":{"start":{"line":247,"column":0},"end":{"line":247,"column":null}},"88":{"start":{"line":249,"column":23},"end":{"line":283,"column":null}},"89":{"start":{"line":285,"column":18},"end":{"line":294,"column":1}},"90":{"start":{"line":286,"column":2},"end":{"line":293,"column":4}},"91":{"start":{"line":290,"column":8},"end":{"line":290,"column":190}},"92":{"start":{"line":290,"column":118},"end":{"line":290,"column":146}},"93":{"start":{"line":296,"column":0},"end":{"line":296,"column":37}}},"fnMap":{"0":{"name":"(anonymous_23)","decl":{"start":{"line":33,"column":0},"end":{"line":33,"column":36}},"loc":{"start":{"line":33,"column":0},"end":{"line":247,"column":null}}},"1":{"name":"DropdownComponentTest","decl":{"start":{"line":40,"column":2},"end":{"line":40,"column":14}},"loc":{"start":{"line":40,"column":43},"end":{"line":60,"column":3}}},"2":{"name":"(anonymous_25)","decl":{"start":{"line":69,"column":2},"end":{"line":69,"column":10}},"loc":{"start":{"line":69,"column":2},"end":{"line":75,"column":3}}},"3":{"name":"(anonymous_26)","decl":{"start":{"line":80,"column":2},"end":{"line":80,"column":10}},"loc":{"start":{"line":80,"column":2},"end":{"line":93,"column":3}}},"4":{"name":"(anonymous_27)","decl":{"start":{"line":98,"column":2},"end":{"line":98,"column":10}},"loc":{"start":{"line":98,"column":35},"end":{"line":111,"column":3}}},"5":{"name":"(anonymous_28)","decl":{"start":{"line":116,"column":2},"end":{"line":116,"column":10}},"loc":{"start":{"line":116,"column":2},"end":{"line":132,"column":3}}},"6":{"name":"(anonymous_29)","decl":{"start":{"line":137,"column":2},"end":{"line":137,"column":10}},"loc":{"start":{"line":137,"column":2},"end":{"line":146,"column":3}}},"7":{"name":"(anonymous_30)","decl":{"start":{"line":152,"column":2},"end":{"line":152,"column":15}},"loc":{"start":{"line":152,"column":2},"end":{"line":161,"column":null}}},"8":{"name":"(anonymous_33)","decl":{"start":{"line":166,"column":2},"end":{"line":166,"column":15}},"loc":{"start":{"line":166,"column":2},"end":{"line":175,"column":null}}},"9":{"name":"(anonymous_36)","decl":{"start":{"line":183,"column":2},"end":{"line":183,"column":10}},"loc":{"start":{"line":183,"column":62},"end":{"line":197,"column":3}}},"10":{"name":"(anonymous_37)","decl":{"start":{"line":202,"column":2},"end":{"line":202,"column":10}},"loc":{"start":{"line":202,"column":68},"end":{"line":231,"column":3}}},"11":{"name":"(anonymous_38)","decl":{"start":{"line":215,"column":52},"end":{"line":215,"column":53}},"loc":{"start":{"line":215,"column":65},"end":{"line":215,"column":74}}},"12":{"name":"(anonymous_39)","decl":{"start":{"line":233,"column":2},"end":{"line":233,"column":8}},"loc":{"start":{"line":233,"column":2},"end":{"line":246,"column":3}}},"13":{"name":"(anonymous_40)","decl":{"start":{"line":285,"column":18},"end":{"line":285,"column":19}},"loc":{"start":{"line":285,"column":40},"end":{"line":294,"column":1}}},"14":{"name":"(anonymous_41)","decl":{"start":{"line":289,"column":89},"end":{"line":289,"column":90}},"loc":{"start":{"line":289,"column":102},"end":{"line":291,"column":7}}},"15":{"name":"(anonymous_42)","decl":{"start":{"line":290,"column":112},"end":{"line":290,"column":118}},"loc":{"start":{"line":290,"column":112},"end":{"line":290,"column":123}}}},"branchMap":{"0":{"loc":{"start":{"line":41,"column":4},"end":{"line":41,"column":16}},"type":"binary-expr","locations":[{"start":{"line":41,"column":4},"end":{"line":41,"column":16}},{"start":{"line":41,"column":16},"end":{"line":41,"column":null}}]},"1":{"loc":{"start":{"line":186,"column":6},"end":{"line":188,"column":null}},"type":"if","locations":[{"start":{"line":186,"column":6},"end":{"line":188,"column":null}},{"start":{"line":186,"column":6},"end":{"line":188,"column":null}}]},"2":{"loc":{"start":{"line":186,"column":10},"end":{"line":186,"column":34}},"type":"binary-expr","locations":[{"start":{"line":186,"column":10},"end":{"line":186,"column":34}},{"start":{"line":186,"column":38},"end":{"line":186,"column":62}},{"start":{"line":186,"column":67},"end":{"line":186,"column":123}},{"start":{"line":186,"column":128},"end":{"line":186,"column":165}}]},"3":{"loc":{"start":{"line":205,"column":6},"end":{"line":210,"column":null}},"type":"if","locations":[{"start":{"line":205,"column":6},"end":{"line":210,"column":null}},{"start":{"line":205,"column":6},"end":{"line":210,"column":null}}]},"4":{"loc":{"start":{"line":214,"column":6},"end":{"line":219,"column":null}},"type":"if","locations":[{"start":{"line":214,"column":6},"end":{"line":219,"column":null}},{"start":{"line":214,"column":6},"end":{"line":219,"column":null}}]},"5":{"loc":{"start":{"line":237,"column":9},"end":{"line":237,"column":33}},"type":"binary-expr","locations":[{"start":{"line":237,"column":9},"end":{"line":237,"column":33}},{"start":{"line":237,"column":37},"end":{"line":242,"column":null}}]},"6":{"loc":{"start":{"line":289,"column":72},"end":{"line":291,"column":8}},"type":"cond-expr","locations":[{"start":{"line":289,"column":72},"end":{"line":291,"column":8}},{"start":{"line":291,"column":11},"end":{"line":291,"column":104}}]}},"s":{"0":1,"1":1,"2":1,"3":1,"4":1,"5":1,"6":1,"7":1,"8":3,"9":3,"10":3,"11":3,"12":3,"13":3,"14":3,"15":3,"16":3,"17":3,"18":3,"19":3,"20":3,"21":3,"22":1,"23":3,"24":3,"25":3,"26":29,"27":3,"28":1,"29":1,"30":1,"31":1,"32":1,"33":0,"34":1,"35":0,"36":0,"37":0,"38":0,"39":0,"40":1,"41":0,"42":0,"43":0,"44":0,"45":0,"46":0,"47":0,"48":1,"49":0,"50":0,"51":0,"52":1,"53":3,"54":3,"55":3,"56":0,"57":1,"58":1,"59":1,"60":1,"61":0,"62":1,"63":0,"64":0,"65":0,"66":0,"67":0,"68":0,"69":1,"70":0,"71":0,"72":0,"73":0,"74":0,"75":0,"76":0,"77":0,"78":0,"79":0,"80":0,"81":0,"82":0,"83":0,"84":0,"85":1,"86":4,"87":1,"88":1,"89":1,"90":1,"91":5,"92":0,"93":1},"f":{"0":1,"1":3,"2":3,"3":1,"4":0,"5":0,"6":0,"7":3,"8":1,"9":0,"10":0,"11":0,"12":4,"13":1,"14":5,"15":0},"b":{"0":[3,3],"1":[0,0],"2":[0,0,0,0],"3":[0,0],"4":[0,0],"5":[4,1],"6":[1,0]}}
,"E:\\Git\\React Solutions\\RecommendedContact\\recommendedcontact\\src\\components\\GeoComponent\\GeoComponentTest.tsx": {"path":"E:\\Git\\React Solutions\\RecommendedContact\\recommendedcontact\\src\\components\\GeoComponent\\GeoComponentTest.tsx","statementMap":{"0":{"start":{"line":2,"column":0},"end":{"line":2,"column":26}},"1":{"start":{"line":3,"column":0},"end":{"line":3,"column":72}},"2":{"start":{"line":4,"column":0},"end":{"line":4,"column":55}},"3":{"start":{"line":5,"column":0},"end":{"line":5,"column":76}},"4":{"start":{"line":6,"column":0},"end":{"line":6,"column":50}},"5":{"start":{"line":8,"column":0},"end":{"line":8,"column":18}},"6":{"start":{"line":46,"column":0},"end":{"line":46,"column":84}},"7":{"start":{"line":46,"column":31},"end":{"line":46,"column":36}},"8":{"start":{"line":55,"column":4},"end":{"line":55,"column":null}},"9":{"start":{"line":49,"column":10},"end":{"line":49,"column":57}},"10":{"start":{"line":50,"column":10},"end":{"line":50,"column":48}},"11":{"start":{"line":51,"column":10},"end":{"line":51,"column":58}},"12":{"start":{"line":57,"column":4},"end":{"line":57,"column":45}},"13":{"start":{"line":59,"column":4},"end":{"line":65,"column":null}},"14":{"start":{"line":67,"column":4},"end":{"line":67,"column":57}},"15":{"start":{"line":68,"column":4},"end":{"line":68,"column":59}},"16":{"start":{"line":69,"column":4},"end":{"line":69,"column":63}},"17":{"start":{"line":70,"column":4},"end":{"line":70,"column":45}},"18":{"start":{"line":71,"column":4},"end":{"line":71,"column":43}},"19":{"start":{"line":72,"column":4},"end":{"line":72,"column":65}},"20":{"start":{"line":73,"column":4},"end":{"line":73,"column":63}},"21":{"start":{"line":74,"column":4},"end":{"line":74,"column":63}},"22":{"start":{"line":75,"column":4},"end":{"line":75,"column":69}},"23":{"start":{"line":85,"column":10},"end":{"line":91,"column":null}},"24":{"start":{"line":86,"column":50},"end":{"line":86,"column":52}},"25":{"start":{"line":87,"column":4},"end":{"line":89,"column":null}},"26":{"start":{"line":88,"column":6},"end":{"line":88,"column":37}},"27":{"start":{"line":90,"column":4},"end":{"line":90,"column":26}},"28":{"start":{"line":106,"column":10},"end":{"line":118,"column":null}},"29":{"start":{"line":107,"column":67},"end":{"line":107,"column":69}},"30":{"start":{"line":108,"column":4},"end":{"line":110,"column":null}},"31":{"start":{"line":109,"column":6},"end":{"line":109,"column":35}},"32":{"start":{"line":111,"column":4},"end":{"line":116,"column":null}},"33":{"start":{"line":112,"column":22},"end":{"line":112,"column":49}},"34":{"start":{"line":113,"column":6},"end":{"line":115,"column":null}},"35":{"start":{"line":113,"column":19},"end":{"line":113,"column":20}},"36":{"start":{"line":114,"column":8},"end":{"line":114,"column":54}},"37":{"start":{"line":117,"column":4},"end":{"line":117,"column":27}},"38":{"start":{"line":123,"column":10},"end":{"line":136,"column":null}},"39":{"start":{"line":124,"column":4},"end":{"line":135,"column":null}},"40":{"start":{"line":125,"column":30},"end":{"line":125,"column":54}},"41":{"start":{"line":126,"column":6},"end":{"line":126,"column":45}},"42":{"start":{"line":127,"column":6},"end":{"line":129,"column":9}},"43":{"start":{"line":134,"column":6},"end":{"line":134,"column":25}},"44":{"start":{"line":141,"column":10},"end":{"line":154,"column":null}},"45":{"start":{"line":142,"column":4},"end":{"line":153,"column":null}},"46":{"start":{"line":143,"column":33},"end":{"line":143,"column":73}},"47":{"start":{"line":144,"column":6},"end":{"line":144,"column":73}},"48":{"start":{"line":145,"column":6},"end":{"line":147,"column":9}},"49":{"start":{"line":152,"column":6},"end":{"line":152,"column":25}},"50":{"start":{"line":159,"column":10},"end":{"line":172,"column":null}},"51":{"start":{"line":160,"column":4},"end":{"line":171,"column":null}},"52":{"start":{"line":161,"column":25},"end":{"line":161,"column":57}},"53":{"start":{"line":162,"column":6},"end":{"line":162,"column":65}},"54":{"start":{"line":163,"column":6},"end":{"line":165,"column":9}},"55":{"start":{"line":170,"column":6},"end":{"line":170,"column":25}},"56":{"start":{"line":177,"column":10},"end":{"line":195,"column":null}},"57":{"start":{"line":178,"column":4},"end":{"line":194,"column":null}},"58":{"start":{"line":179,"column":25},"end":{"line":179,"column":57}},"59":{"start":{"line":180,"column":6},"end":{"line":184,"column":null}},"60":{"start":{"line":181,"column":8},"end":{"line":183,"column":null}},"61":{"start":{"line":182,"column":10},"end":{"line":182,"column":51}},"62":{"start":{"line":185,"column":6},"end":{"line":187,"column":9}},"63":{"start":{"line":188,"column":6},"end":{"line":188,"column":56}},"64":{"start":{"line":193,"column":6},"end":{"line":193,"column":25}},"65":{"start":{"line":200,"column":10},"end":{"line":209,"column":null}},"66":{"start":{"line":201,"column":4},"end":{"line":208,"column":null}},"67":{"start":{"line":202,"column":6},"end":{"line":202,"column":54}},"68":{"start":{"line":207,"column":6},"end":{"line":207,"column":25}},"69":{"start":{"line":215,"column":15},"end":{"line":224,"column":null}},"70":{"start":{"line":216,"column":4},"end":{"line":223,"column":null}},"71":{"start":{"line":217,"column":6},"end":{"line":217,"column":70}},"72":{"start":{"line":218,"column":6},"end":{"line":218,"column":68}},"73":{"start":{"line":222,"column":6},"end":{"line":222,"column":25}},"74":{"start":{"line":229,"column":15},"end":{"line":238,"column":null}},"75":{"start":{"line":230,"column":4},"end":{"line":237,"column":null}},"76":{"start":{"line":231,"column":6},"end":{"line":231,"column":73}},"77":{"start":{"line":232,"column":6},"end":{"line":232,"column":71}},"78":{"start":{"line":236,"column":6},"end":{"line":236,"column":25}},"79":{"start":{"line":246,"column":10},"end":{"line":260,"column":4}},"80":{"start":{"line":247,"column":4},"end":{"line":259,"column":null}},"81":{"start":{"line":248,"column":39},"end":{"line":248,"column":63}},"82":{"start":{"line":249,"column":6},"end":{"line":251,"column":null}},"83":{"start":{"line":250,"column":8},"end":{"line":250,"column":34}},"84":{"start":{"line":252,"column":6},"end":{"line":254,"column":9}},"85":{"start":{"line":258,"column":6},"end":{"line":258,"column":25}},"86":{"start":{"line":265,"column":10},"end":{"line":267,"column":null}},"87":{"start":{"line":266,"column":4},"end":{"line":266,"column":68}},"88":{"start":{"line":272,"column":10},"end":{"line":311,"column":null}},"89":{"start":{"line":272,"column":2},"end":{"line":272,"column":10}},"90":{"start":{"line":273,"column":4},"end":{"line":310,"column":null}},"91":{"start":{"line":275,"column":6},"end":{"line":280,"column":null}},"92":{"start":{"line":276,"column":8},"end":{"line":276,"column":22}},"93":{"start":{"line":279,"column":8},"end":{"line":279,"column":38}},"94":{"start":{"line":281,"column":33},"end":{"line":281,"column":73}},"95":{"start":{"line":282,"column":28},"end":{"line":282,"column":57}},"96":{"start":{"line":283,"column":6},"end":{"line":300,"column":null}},"97":{"start":{"line":284,"column":8},"end":{"line":294,"column":null}},"98":{"start":{"line":285,"column":10},"end":{"line":285,"column":49}},"99":{"start":{"line":286,"column":10},"end":{"line":286,"column":136}},"100":{"start":{"line":286,"column":95},"end":{"line":286,"column":135}},"101":{"start":{"line":287,"column":10},"end":{"line":293,"column":null}},"102":{"start":{"line":288,"column":12},"end":{"line":288,"column":69}},"103":{"start":{"line":289,"column":12},"end":{"line":289,"column":52}},"104":{"start":{"line":291,"column":15},"end":{"line":293,"column":null}},"105":{"start":{"line":292,"column":12},"end":{"line":292,"column":46}},"106":{"start":{"line":297,"column":8},"end":{"line":299,"column":null}},"107":{"start":{"line":298,"column":10},"end":{"line":298,"column":50}},"108":{"start":{"line":301,"column":6},"end":{"line":305,"column":9}},"109":{"start":{"line":309,"column":6},"end":{"line":309,"column":25}},"110":{"start":{"line":313,"column":2},"end":{"line":326,"column":null}},"111":{"start":{"line":314,"column":4},"end":{"line":325,"column":6}},"112":{"start":{"line":327,"column":0},"end":{"line":327,"column":null}},"113":{"start":{"line":329,"column":26},"end":{"line":363,"column":null}},"114":{"start":{"line":365,"column":21},"end":{"line":374,"column":1}},"115":{"start":{"line":366,"column":2},"end":{"line":373,"column":4}},"116":{"start":{"line":370,"column":8},"end":{"line":370,"column":295}},"117":{"start":{"line":376,"column":21},"end":{"line":386,"column":1}},"118":{"start":{"line":377,"column":27},"end":{"line":377,"column":76}},"119":{"start":{"line":378,"column":2},"end":{"line":385,"column":4}},"120":{"start":{"line":380,"column":88},"end":{"line":380,"column":129}},"121":{"start":{"line":382,"column":8},"end":{"line":382,"column":326}},"122":{"start":{"line":382,"column":204},"end":{"line":382,"column":257}},"123":{"start":{"line":388,"column":0},"end":{"line":388,"column":32}}},"fnMap":{"0":{"name":"(anonymous_22)","decl":{"start":{"line":46,"column":0},"end":{"line":46,"column":31}},"loc":{"start":{"line":46,"column":0},"end":{"line":327,"column":null}}},"1":{"name":"GeoComponentTest","decl":{"start":{"line":54,"column":2},"end":{"line":54,"column":14}},"loc":{"start":{"line":54,"column":38},"end":{"line":76,"column":3}}},"2":{"name":"(anonymous_24)","decl":{"start":{"line":85,"column":2},"end":{"line":85,"column":10}},"loc":{"start":{"line":85,"column":2},"end":{"line":91,"column":3}}},"3":{"name":"(anonymous_25)","decl":{"start":{"line":106,"column":2},"end":{"line":106,"column":10}},"loc":{"start":{"line":106,"column":2},"end":{"line":118,"column":3}}},"4":{"name":"(anonymous_26)","decl":{"start":{"line":123,"column":2},"end":{"line":123,"column":10}},"loc":{"start":{"line":123,"column":2},"end":{"line":136,"column":3}}},"5":{"name":"(anonymous_27)","decl":{"start":{"line":141,"column":2},"end":{"line":141,"column":10}},"loc":{"start":{"line":141,"column":40},"end":{"line":154,"column":3}}},"6":{"name":"(anonymous_28)","decl":{"start":{"line":159,"column":2},"end":{"line":159,"column":10}},"loc":{"start":{"line":159,"column":54},"end":{"line":172,"column":3}}},"7":{"name":"(anonymous_29)","decl":{"start":{"line":177,"column":2},"end":{"line":177,"column":10}},"loc":{"start":{"line":177,"column":2},"end":{"line":195,"column":3}}},"8":{"name":"(anonymous_30)","decl":{"start":{"line":200,"column":2},"end":{"line":200,"column":10}},"loc":{"start":{"line":200,"column":2},"end":{"line":209,"column":3}}},"9":{"name":"(anonymous_31)","decl":{"start":{"line":215,"column":2},"end":{"line":215,"column":15}},"loc":{"start":{"line":215,"column":2},"end":{"line":224,"column":null}}},"10":{"name":"(anonymous_34)","decl":{"start":{"line":229,"column":2},"end":{"line":229,"column":15}},"loc":{"start":{"line":229,"column":2},"end":{"line":238,"column":null}}},"11":{"name":"(anonymous_37)","decl":{"start":{"line":246,"column":2},"end":{"line":246,"column":10}},"loc":{"start":{"line":246,"column":62},"end":{"line":260,"column":3}}},"12":{"name":"(anonymous_38)","decl":{"start":{"line":265,"column":2},"end":{"line":265,"column":10}},"loc":{"start":{"line":265,"column":61},"end":{"line":267,"column":3}}},"13":{"name":"(anonymous_39)","decl":{"start":{"line":272,"column":2},"end":{"line":272,"column":10}},"loc":{"start":{"line":272,"column":71},"end":{"line":311,"column":3}}},"14":{"name":"(anonymous_40)","decl":{"start":{"line":286,"column":74},"end":{"line":286,"column":75}},"loc":{"start":{"line":286,"column":90},"end":{"line":286,"column":99}}},"15":{"name":"(anonymous_41)","decl":{"start":{"line":313,"column":2},"end":{"line":313,"column":8}},"loc":{"start":{"line":313,"column":2},"end":{"line":326,"column":3}}},"16":{"name":"(anonymous_42)","decl":{"start":{"line":365,"column":21},"end":{"line":365,"column":22}},"loc":{"start":{"line":365,"column":46},"end":{"line":374,"column":1}}},"17":{"name":"(anonymous_43)","decl":{"start":{"line":369,"column":115},"end":{"line":369,"column":116}},"loc":{"start":{"line":369,"column":143},"end":{"line":371,"column":7}}},"18":{"name":"(anonymous_44)","decl":{"start":{"line":376,"column":21},"end":{"line":376,"column":22}},"loc":{"start":{"line":376,"column":46},"end":{"line":386,"column":1}}},"19":{"name":"(anonymous_45)","decl":{"start":{"line":380,"column":82},"end":{"line":380,"column":88}},"loc":{"start":{"line":380,"column":82},"end":{"line":380,"column":93}}},"20":{"name":"(anonymous_46)","decl":{"start":{"line":381,"column":47},"end":{"line":381,"column":48}},"loc":{"start":{"line":381,"column":76},"end":{"line":383,"column":7}}},"21":{"name":"(anonymous_47)","decl":{"start":{"line":382,"column":198},"end":{"line":382,"column":204}},"loc":{"start":{"line":382,"column":198},"end":{"line":382,"column":209}}}},"branchMap":{"0":{"loc":{"start":{"line":55,"column":4},"end":{"line":55,"column":16}},"type":"binary-expr","locations":[{"start":{"line":55,"column":4},"end":{"line":55,"column":16}},{"start":{"line":55,"column":16},"end":{"line":55,"column":null}}]},"1":{"loc":{"start":{"line":249,"column":6},"end":{"line":251,"column":null}},"type":"if","locations":[{"start":{"line":249,"column":6},"end":{"line":251,"column":null}},{"start":{"line":249,"column":6},"end":{"line":251,"column":null}}]},"2":{"loc":{"start":{"line":249,"column":10},"end":{"line":249,"column":34}},"type":"binary-expr","locations":[{"start":{"line":249,"column":10},"end":{"line":249,"column":34}},{"start":{"line":249,"column":38},"end":{"line":249,"column":62}},{"start":{"line":249,"column":67},"end":{"line":249,"column":123}},{"start":{"line":249,"column":128},"end":{"line":249,"column":165}}]},"3":{"loc":{"start":{"line":275,"column":6},"end":{"line":280,"column":null}},"type":"if","locations":[{"start":{"line":275,"column":6},"end":{"line":280,"column":null}},{"start":{"line":275,"column":6},"end":{"line":280,"column":null}}]},"4":{"loc":{"start":{"line":283,"column":6},"end":{"line":300,"column":null}},"type":"if","locations":[{"start":{"line":283,"column":6},"end":{"line":300,"column":null}},{"start":{"line":283,"column":6},"end":{"line":300,"column":null}}]},"5":{"loc":{"start":{"line":287,"column":10},"end":{"line":293,"column":null}},"type":"if","locations":[{"start":{"line":287,"column":10},"end":{"line":293,"column":null}},{"start":{"line":287,"column":10},"end":{"line":293,"column":null}}]},"6":{"loc":{"start":{"line":287,"column":14},"end":{"line":287,"column":52}},"type":"binary-expr","locations":[{"start":{"line":287,"column":14},"end":{"line":287,"column":52}},{"start":{"line":287,"column":56},"end":{"line":287,"column":94}}]},"7":{"loc":{"start":{"line":291,"column":15},"end":{"line":293,"column":null}},"type":"if","locations":[{"start":{"line":291,"column":15},"end":{"line":293,"column":null}},{"start":{"line":291,"column":15},"end":{"line":293,"column":null}}]},"8":{"loc":{"start":{"line":317,"column":9},"end":{"line":317,"column":33}},"type":"binary-expr","locations":[{"start":{"line":317,"column":9},"end":{"line":317,"column":33}},{"start":{"line":317,"column":37},"end":{"line":322,"column":null}}]},"9":{"loc":{"start":{"line":369,"column":85},"end":{"line":371,"column":8}},"type":"cond-expr","locations":[{"start":{"line":369,"column":85},"end":{"line":371,"column":8}},{"start":{"line":371,"column":11},"end":{"line":371,"column":104}}]},"10":{"loc":{"start":{"line":377,"column":46},"end":{"line":377,"column":59}},"type":"cond-expr","locations":[{"start":{"line":377,"column":46},"end":{"line":377,"column":59}},{"start":{"line":377,"column":62},"end":{"line":377,"column":76}}]},"11":{"loc":{"start":{"line":381,"column":7},"end":{"line":381,"column":23}},"type":"binary-expr","locations":[{"start":{"line":381,"column":7},"end":{"line":381,"column":23}},{"start":{"line":381,"column":27},"end":{"line":383,"column":8}}]}},"s":{"0":1,"1":1,"2":1,"3":1,"4":1,"5":1,"6":1,"7":1,"8":4,"9":4,"10":4,"11":4,"12":4,"13":4,"14":4,"15":4,"16":4,"17":4,"18":4,"19":4,"20":4,"21":4,"22":4,"23":1,"24":4,"25":4,"26":16,"27":4,"28":1,"29":4,"30":4,"31":16,"32":4,"33":16,"34":16,"35":16,"36":60,"37":4,"38":1,"39":2,"40":2,"41":2,"42":2,"43":0,"44":1,"45":1,"46":1,"47":1,"48":1,"49":0,"50":1,"51":0,"52":0,"53":0,"54":0,"55":0,"56":1,"57":0,"58":0,"59":0,"60":0,"61":0,"62":0,"63":0,"64":0,"65":1,"66":0,"67":0,"68":0,"69":1,"70":4,"71":4,"72":4,"73":0,"74":1,"75":1,"76":1,"77":1,"78":0,"79":1,"80":0,"81":0,"82":0,"83":0,"84":0,"85":0,"86":1,"87":0,"88":1,"89":0,"90":0,"91":0,"92":0,"93":0,"94":0,"95":0,"96":0,"97":0,"98":0,"99":0,"100":0,"101":0,"102":0,"103":0,"104":0,"105":0,"106":0,"107":0,"108":0,"109":0,"110":1,"111":7,"112":1,"113":1,"114":1,"115":2,"116":8,"117":1,"118":8,"119":8,"120":1,"121":3,"122":0,"123":1},"f":{"0":1,"1":4,"2":4,"3":4,"4":2,"5":1,"6":0,"7":0,"8":0,"9":4,"10":1,"11":0,"12":0,"13":0,"14":0,"15":7,"16":2,"17":8,"18":8,"19":1,"20":3,"21":0},"b":{"0":[4,4],"1":[0,0],"2":[0,0,0,0],"3":[0,0],"4":[0,0],"5":[0,0],"6":[0,0],"7":[0,0],"8":[7,3],"9":[2,0],"10":[1,7],"11":[8,1]}}
,"E:\\Git\\React Solutions\\RecommendedContact\\recommendedcontact\\src\\components\\Hovercard\\HoverCardTest.tsx": {"path":"E:\\Git\\React Solutions\\RecommendedContact\\recommendedcontact\\src\\components\\Hovercard\\HoverCardTest.tsx","statementMap":{"0":{"start":{"line":1,"column":0},"end":{"line":1,"column":41}},"1":{"start":{"line":2,"column":0},"end":{"line":2,"column":45}},"2":{"start":{"line":14,"column":1},"end":{"line":14,"column":56}},"3":{"start":{"line":14,"column":25},"end":{"line":14,"column":34}},"4":{"start":{"line":15,"column":2},"end":{"line":51,"column":null}},"5":{"start":{"line":15,"column":2},"end":{"line":15,"column":8}},"6":{"start":{"line":16,"column":4},"end":{"line":50,"column":6}},"7":{"start":{"line":34,"column":20},"end":{"line":38,"column":null}},"8":{"start":{"line":35,"column":24},"end":{"line":37,"column":null}},"9":{"start":{"line":53,"column":10},"end":{"line":55,"column":null}},"10":{"start":{"line":54,"column":4},"end":{"line":54,"column":31}},"11":{"start":{"line":56,"column":10},"end":{"line":58,"column":null}},"12":{"start":{"line":57,"column":4},"end":{"line":57,"column":30}},"13":{"start":{"line":59,"column":0},"end":{"line":59,"column":null}},"14":{"start":{"line":61,"column":0},"end":{"line":61,"column":25}}},"fnMap":{"0":{"name":"(anonymous_8)","decl":{"start":{"line":14,"column":1},"end":{"line":14,"column":25}},"loc":{"start":{"line":14,"column":1},"end":{"line":59,"column":null}}},"1":{"name":"(anonymous_10)","decl":{"start":{"line":15,"column":2},"end":{"line":15,"column":8}},"loc":{"start":{"line":15,"column":2},"end":{"line":51,"column":3}}},"2":{"name":"(anonymous_11)","decl":{"start":{"line":33,"column":16},"end":{"line":33,"column":null}},"loc":{"start":{"line":33,"column":16},"end":{"line":39,"column":17}}},"3":{"name":"(anonymous_12)","decl":{"start":{"line":53,"column":2},"end":{"line":53,"column":10}},"loc":{"start":{"line":53,"column":2},"end":{"line":55,"column":3}}},"4":{"name":"(anonymous_13)","decl":{"start":{"line":56,"column":2},"end":{"line":56,"column":10}},"loc":{"start":{"line":56,"column":2},"end":{"line":58,"column":3}}}},"branchMap":{"0":{"loc":{"start":{"line":17,"column":97},"end":{"line":17,"column":104}},"type":"cond-expr","locations":[{"start":{"line":17,"column":97},"end":{"line":17,"column":104}},{"start":{"line":17,"column":107},"end":{"line":17,"column":113}}]},"1":{"loc":{"start":{"line":34,"column":20},"end":{"line":38,"column":null}},"type":"if","locations":[{"start":{"line":34,"column":20},"end":{"line":38,"column":null}},{"start":{"line":34,"column":20},"end":{"line":38,"column":null}}]}},"s":{"0":1,"1":1,"2":1,"3":1,"4":1,"5":1,"6":1,"7":1,"8":1,"9":1,"10":0,"11":1,"12":0,"13":1,"14":1},"f":{"0":2,"1":1,"2":1,"3":0,"4":0},"b":{"0":[1,0],"1":[1,0]}}
,"E:\\Git\\React Solutions\\RecommendedContact\\recommendedcontact\\src\\components\\NavBarComponent\\NavBarComponentTest.tsx": {"path":"E:\\Git\\React Solutions\\RecommendedContact\\recommendedcontact\\src\\components\\NavBarComponent\\NavBarComponentTest.tsx","statementMap":{"0":{"start":{"line":1,"column":0},"end":{"line":1,"column":31}},"1":{"start":{"line":2,"column":0},"end":{"line":2,"column":89}},"2":{"start":{"line":7,"column":0},"end":{"line":7,"column":51}},"3":{"start":{"line":11,"column":0},"end":{"line":11,"column":66}},"4":{"start":{"line":11,"column":41},"end":{"line":11,"column":46}},"5":{"start":{"line":12,"column":4},"end":{"line":54,"column":null}},"6":{"start":{"line":13,"column":8},"end":{"line":53,"column":10}},"7":{"start":{"line":55,"column":0},"end":{"line":55,"column":null}},"8":{"start":{"line":11,"column":13},"end":{"line":11,"column":32}},"9":{"start":{"line":57,"column":0},"end":{"line":57,"column":35}}},"fnMap":{"0":{"name":"(anonymous_8)","decl":{"start":{"line":11,"column":0},"end":{"line":11,"column":13}},"loc":{"start":{"line":11,"column":0},"end":{"line":55,"column":null}}},"1":{"name":"(anonymous_10)","decl":{"start":{"line":12,"column":4},"end":{"line":12,"column":10}},"loc":{"start":{"line":12,"column":4},"end":{"line":54,"column":5}}}},"branchMap":{},"s":{"0":1,"1":1,"2":1,"3":1,"4":1,"5":1,"6":1,"7":1,"8":1,"9":1},"f":{"0":2,"1":1},"b":{}}
,"E:\\Git\\React Solutions\\RecommendedContact\\recommendedcontact\\src\\components\\ProjectContext\\ProjectContextTest.tsx": {"path":"E:\\Git\\React Solutions\\RecommendedContact\\recommendedcontact\\src\\components\\ProjectContext\\ProjectContextTest.tsx","statementMap":{"0":{"start":{"line":1,"column":0},"end":{"line":1,"column":31}},"1":{"start":{"line":2,"column":0},"end":{"line":2,"column":66}},"2":{"start":{"line":7,"column":0},"end":{"line":7,"column":33}},"3":{"start":{"line":8,"column":0},"end":{"line":8,"column":46}},"4":{"start":{"line":22,"column":0},"end":{"line":22,"column":97}},"5":{"start":{"line":22,"column":40},"end":{"line":22,"column":45}},"6":{"start":{"line":25,"column":8},"end":{"line":25,"column":null}},"7":{"start":{"line":68,"column":12},"end":{"line":75,"column":null}},"8":{"start":{"line":69,"column":8},"end":{"line":74,"column":null}},"9":{"start":{"line":70,"column":12},"end":{"line":70,"column":47}},"10":{"start":{"line":73,"column":12},"end":{"line":73,"column":22}},"11":{"start":{"line":78,"column":12},"end":{"line":89,"column":null}},"12":{"start":{"line":79,"column":8},"end":{"line":88,"column":null}},"13":{"start":{"line":80,"column":28},"end":{"line":80,"column":54}},"14":{"start":{"line":81,"column":12},"end":{"line":83,"column":null}},"15":{"start":{"line":82,"column":16},"end":{"line":82,"column":63}},"16":{"start":{"line":87,"column":12},"end":{"line":87,"column":31}},"17":{"start":{"line":26,"column":8},"end":{"line":29,"column":null}},"18":{"start":{"line":31,"column":4},"end":{"line":33,"column":null}},"19":{"start":{"line":32,"column":8},"end":{"line":32,"column":88}},"20":{"start":{"line":34,"column":4},"end":{"line":36,"column":null}},"21":{"start":{"line":35,"column":8},"end":{"line":35,"column":88}},"22":{"start":{"line":38,"column":4},"end":{"line":66,"column":null}},"23":{"start":{"line":38,"column":4},"end":{"line":38,"column":10}},"24":{"start":{"line":39,"column":8},"end":{"line":65,"column":10}},"25":{"start":{"line":42,"column":129},"end":{"line":42,"column":159}},"26":{"start":{"line":92,"column":12},"end":{"line":103,"column":null}},"27":{"start":{"line":93,"column":8},"end":{"line":102,"column":null}},"28":{"start":{"line":94,"column":12},"end":{"line":96,"column":15}},"29":{"start":{"line":101,"column":12},"end":{"line":101,"column":31}},"30":{"start":{"line":106,"column":12},"end":{"line":119,"column":null}},"31":{"start":{"line":107,"column":8},"end":{"line":118,"column":null}},"32":{"start":{"line":108,"column":12},"end":{"line":113,"column":null}},"33":{"start":{"line":109,"column":16},"end":{"line":111,"column":19}},"34":{"start":{"line":117,"column":12},"end":{"line":117,"column":31}},"35":{"start":{"line":120,"column":0},"end":{"line":120,"column":null}},"36":{"start":{"line":22,"column":13},"end":{"line":22,"column":31}},"37":{"start":{"line":122,"column":0},"end":{"line":122,"column":34}}},"fnMap":{"0":{"name":"(anonymous_8)","decl":{"start":{"line":22,"column":0},"end":{"line":22,"column":13}},"loc":{"start":{"line":22,"column":0},"end":{"line":120,"column":null}}},"1":{"name":"ProjectContextTest","decl":{"start":{"line":24,"column":4},"end":{"line":24,"column":16}},"loc":{"start":{"line":24,"column":26},"end":{"line":30,"column":5}}},"2":{"name":"(anonymous_10)","decl":{"start":{"line":68,"column":37},"end":{"line":68,"column":38}},"loc":{"start":{"line":68,"column":58},"end":{"line":75,"column":5}}},"3":{"name":"(anonymous_11)","decl":{"start":{"line":78,"column":47},"end":{"line":78,"column":48}},"loc":{"start":{"line":78,"column":58},"end":{"line":89,"column":5}}},"4":{"name":"(anonymous_12)","decl":{"start":{"line":31,"column":4},"end":{"line":31,"column":21}},"loc":{"start":{"line":31,"column":4},"end":{"line":33,"column":5}}},"5":{"name":"(anonymous_13)","decl":{"start":{"line":34,"column":4},"end":{"line":34,"column":24}},"loc":{"start":{"line":34,"column":4},"end":{"line":36,"column":5}}},"6":{"name":"(anonymous_14)","decl":{"start":{"line":38,"column":4},"end":{"line":38,"column":10}},"loc":{"start":{"line":38,"column":4},"end":{"line":66,"column":5}}},"7":{"name":"(anonymous_15)","decl":{"start":{"line":42,"column":123},"end":{"line":42,"column":129}},"loc":{"start":{"line":42,"column":123},"end":{"line":42,"column":133}}},"8":{"name":"(anonymous_16)","decl":{"start":{"line":92,"column":4},"end":{"line":92,"column":12}},"loc":{"start":{"line":92,"column":4},"end":{"line":103,"column":5}}},"9":{"name":"(anonymous_17)","decl":{"start":{"line":106,"column":4},"end":{"line":106,"column":12}},"loc":{"start":{"line":106,"column":58},"end":{"line":119,"column":5}}}},"branchMap":{"0":{"loc":{"start":{"line":25,"column":8},"end":{"line":25,"column":20}},"type":"binary-expr","locations":[{"start":{"line":25,"column":8},"end":{"line":25,"column":20}},{"start":{"line":25,"column":20},"end":{"line":25,"column":null}}]},"1":{"loc":{"start":{"line":81,"column":12},"end":{"line":83,"column":null}},"type":"if","locations":[{"start":{"line":81,"column":12},"end":{"line":83,"column":null}},{"start":{"line":81,"column":12},"end":{"line":83,"column":null}}]},"2":{"loc":{"start":{"line":81,"column":16},"end":{"line":81,"column":24}},"type":"binary-expr","locations":[{"start":{"line":81,"column":16},"end":{"line":81,"column":24}},{"start":{"line":81,"column":28},"end":{"line":81,"column":59}}]},"3":{"loc":{"start":{"line":42,"column":87},"end":{"line":42,"column":105}},"type":"cond-expr","locations":[{"start":{"line":42,"column":87},"end":{"line":42,"column":105}},{"start":{"line":42,"column":108},"end":{"line":42,"column":110}}]},"4":{"loc":{"start":{"line":44,"column":116},"end":{"line":44,"column":123}},"type":"cond-expr","locations":[{"start":{"line":44,"column":116},"end":{"line":44,"column":123}},{"start":{"line":44,"column":126},"end":{"line":44,"column":132}}]},"5":{"loc":{"start":{"line":108,"column":12},"end":{"line":113,"column":null}},"type":"if","locations":[{"start":{"line":108,"column":12},"end":{"line":113,"column":null}},{"start":{"line":108,"column":12},"end":{"line":113,"column":null}}]}},"s":{"0":1,"1":1,"2":1,"3":1,"4":1,"5":1,"6":2,"7":2,"8":12,"9":12,"10":0,"11":2,"12":0,"13":0,"14":0,"15":0,"16":0,"17":2,"18":1,"19":2,"20":1,"21":1,"22":1,"23":2,"24":2,"25":0,"26":1,"27":0,"28":0,"29":0,"30":1,"31":0,"32":0,"33":0,"34":0,"35":1,"36":1,"37":1},"f":{"0":1,"1":2,"2":12,"3":0,"4":2,"5":1,"6":2,"7":0,"8":0,"9":0},"b":{"0":[2,2],"1":[0,0],"2":[0,0],"3":[0,2],"4":[0,2],"5":[0,0]}}
,"E:\\Git\\React Solutions\\RecommendedContact\\recommendedcontact\\src\\components\\ProjectLinkPopUpComponent\\ProjectLinkPopUpTest.tsx": {"path":"E:\\Git\\React Solutions\\RecommendedContact\\recommendedcontact\\src\\components\\ProjectLinkPopUpComponent\\ProjectLinkPopUpTest.tsx","statementMap":{"0":{"start":{"line":1,"column":0},"end":{"line":1,"column":41}},"1":{"start":{"line":2,"column":0},"end":{"line":2,"column":52}},"2":{"start":{"line":4,"column":0},"end":{"line":4,"column":82}},"3":{"start":{"line":9,"column":0},"end":{"line":9,"column":18}},"4":{"start":{"line":22,"column":0},"end":{"line":22,"column":98}},"5":{"start":{"line":22,"column":35},"end":{"line":22,"column":40}},"6":{"start":{"line":25,"column":4},"end":{"line":25,"column":null}},"7":{"start":{"line":26,"column":4},"end":{"line":32,"column":null}},"8":{"start":{"line":35,"column":2},"end":{"line":97,"column":4}},"9":{"start":{"line":36,"column":4},"end":{"line":96,"column":6}},"10":{"start":{"line":60,"column":22},"end":{"line":60,"column":null}},"11":{"start":{"line":68,"column":20},"end":{"line":68,"column":279}},"12":{"start":{"line":101,"column":0},"end":{"line":101,"column":null}},"13":{"start":{"line":103,"column":0},"end":{"line":103,"column":36}}},"fnMap":{"0":{"name":"(anonymous_7)","decl":{"start":{"line":22,"column":0},"end":{"line":22,"column":35}},"loc":{"start":{"line":22,"column":0},"end":{"line":101,"column":null}}},"1":{"name":"ProjectLinkPopUpTest","decl":{"start":{"line":24,"column":2},"end":{"line":24,"column":14}},"loc":{"start":{"line":24,"column":24},"end":{"line":33,"column":3}}},"2":{"name":"(anonymous_9)","decl":{"start":{"line":35,"column":2},"end":{"line":35,"column":8}},"loc":{"start":{"line":35,"column":2},"end":{"line":97,"column":3}}},"3":{"name":"(anonymous_10)","decl":{"start":{"line":59,"column":88},"end":{"line":59,"column":89}},"loc":{"start":{"line":59,"column":114},"end":{"line":60,"column":26}}},"4":{"name":"(anonymous_11)","decl":{"start":{"line":67,"column":94},"end":{"line":67,"column":95}},"loc":{"start":{"line":67,"column":120},"end":{"line":68,"column":24}}}},"branchMap":{"0":{"loc":{"start":{"line":25,"column":4},"end":{"line":25,"column":16}},"type":"binary-expr","locations":[{"start":{"line":25,"column":4},"end":{"line":25,"column":16}},{"start":{"line":25,"column":16},"end":{"line":25,"column":null}}]},"1":{"loc":{"start":{"line":59,"column":58},"end":{"line":60,"column":null}},"type":"cond-expr","locations":[{"start":{"line":59,"column":58},"end":{"line":60,"column":null}},{"start":{"line":61,"column":24},"end":{"line":61,"column":82}}]},"2":{"loc":{"start":{"line":67,"column":60},"end":{"line":68,"column":279}},"type":"cond-expr","locations":[{"start":{"line":67,"column":60},"end":{"line":68,"column":279}},{"start":{"line":68,"column":282},"end":{"line":68,"column":344}}]}},"s":{"0":1,"1":1,"2":1,"3":1,"4":1,"5":1,"6":1,"7":1,"8":1,"9":1,"10":2,"11":2,"12":1,"13":1},"f":{"0":1,"1":1,"2":1,"3":2,"4":2},"b":{"0":[1,1],"1":[1,0],"2":[1,0]}}
,"E:\\Git\\React Solutions\\RecommendedContact\\recommendedcontact\\src\\components\\RelevanceComponent\\RelevanceTest.tsx": {"path":"E:\\Git\\React Solutions\\RecommendedContact\\recommendedcontact\\src\\components\\RelevanceComponent\\RelevanceTest.tsx","statementMap":{"0":{"start":{"line":1,"column":0},"end":{"line":1,"column":26}},"1":{"start":{"line":2,"column":0},"end":{"line":2,"column":72}},"2":{"start":{"line":4,"column":0},"end":{"line":4,"column":55}},"3":{"start":{"line":5,"column":13},"end":{"line":5,"column":44}},"4":{"start":{"line":6,"column":13},"end":{"line":6,"column":62}},"5":{"start":{"line":7,"column":13},"end":{"line":7,"column":43}},"6":{"start":{"line":8,"column":13},"end":{"line":8,"column":43}},"7":{"start":{"line":9,"column":13},"end":{"line":9,"column":33}},"8":{"start":{"line":10,"column":13},"end":{"line":10,"column":35}},"9":{"start":{"line":11,"column":13},"end":{"line":11,"column":45}},"10":{"start":{"line":25,"column":13},"end":{"line":34,"column":null}},"11":{"start":{"line":26,"column":4},"end":{"line":32,"column":6}},"12":{"start":{"line":28,"column":67},"end":{"line":28,"column":98}},"13":{"start":{"line":29,"column":67},"end":{"line":29,"column":107}},"14":{"start":{"line":30,"column":67},"end":{"line":30,"column":98}},"15":{"start":{"line":36,"column":0},"end":{"line":36,"column":102}},"16":{"start":{"line":36,"column":37},"end":{"line":36,"column":42}},"17":{"start":{"line":43,"column":8},"end":{"line":43,"column":null}},"18":{"start":{"line":38,"column":12},"end":{"line":38,"column":59}},"19":{"start":{"line":39,"column":12},"end":{"line":39,"column":56}},"20":{"start":{"line":40,"column":12},"end":{"line":40,"column":61}},"21":{"start":{"line":45,"column":8},"end":{"line":47,"column":null}},"22":{"start":{"line":49,"column":8},"end":{"line":49,"column":79}},"23":{"start":{"line":50,"column":8},"end":{"line":50,"column":67}},"24":{"start":{"line":51,"column":8},"end":{"line":51,"column":73}},"25":{"start":{"line":52,"column":8},"end":{"line":52,"column":69}},"26":{"start":{"line":53,"column":8},"end":{"line":53,"column":45}},"27":{"start":{"line":59,"column":12},"end":{"line":72,"column":null}},"28":{"start":{"line":60,"column":8},"end":{"line":71,"column":null}},"29":{"start":{"line":61,"column":30},"end":{"line":61,"column":60}},"30":{"start":{"line":62,"column":12},"end":{"line":62,"column":39}},"31":{"start":{"line":63,"column":12},"end":{"line":65,"column":15}},"32":{"start":{"line":69,"column":12},"end":{"line":69,"column":31}},"33":{"start":{"line":78,"column":17},"end":{"line":87,"column":null}},"34":{"start":{"line":79,"column":8},"end":{"line":86,"column":null}},"35":{"start":{"line":80,"column":12},"end":{"line":80,"column":76}},"36":{"start":{"line":81,"column":12},"end":{"line":81,"column":74}},"37":{"start":{"line":85,"column":12},"end":{"line":85,"column":31}},"38":{"start":{"line":92,"column":17},"end":{"line":101,"column":null}},"39":{"start":{"line":93,"column":8},"end":{"line":100,"column":null}},"40":{"start":{"line":94,"column":12},"end":{"line":94,"column":79}},"41":{"start":{"line":95,"column":12},"end":{"line":95,"column":77}},"42":{"start":{"line":99,"column":12},"end":{"line":99,"column":31}},"43":{"start":{"line":109,"column":12},"end":{"line":123,"column":6}},"44":{"start":{"line":110,"column":8},"end":{"line":122,"column":null}},"45":{"start":{"line":111,"column":27},"end":{"line":111,"column":57}},"46":{"start":{"line":112,"column":12},"end":{"line":114,"column":null}},"47":{"start":{"line":113,"column":16},"end":{"line":113,"column":33}},"48":{"start":{"line":115,"column":12},"end":{"line":117,"column":15}},"49":{"start":{"line":121,"column":12},"end":{"line":121,"column":31}},"50":{"start":{"line":128,"column":12},"end":{"line":137,"column":null}},"51":{"start":{"line":129,"column":8},"end":{"line":136,"column":null}},"52":{"start":{"line":130,"column":12},"end":{"line":130,"column":48}},"53":{"start":{"line":135,"column":12},"end":{"line":135,"column":31}},"54":{"start":{"line":139,"column":4},"end":{"line":153,"column":null}},"55":{"start":{"line":139,"column":4},"end":{"line":139,"column":10}},"56":{"start":{"line":140,"column":29},"end":{"line":140,"column":35}},"57":{"start":{"line":141,"column":28},"end":{"line":141,"column":33}},"58":{"start":{"line":143,"column":8},"end":{"line":152,"column":null}},"59":{"start":{"line":148,"column":113},"end":{"line":148,"column":132}},"60":{"start":{"line":149,"column":113},"end":{"line":149,"column":131}},"61":{"start":{"line":155,"column":0},"end":{"line":155,"column":null}},"62":{"start":{"line":156,"column":9},"end":{"line":156,"column":31}}},"fnMap":{"0":{"name":"(anonymous_20)","decl":{"start":{"line":25,"column":35},"end":{"line":25,"column":36}},"loc":{"start":{"line":25,"column":58},"end":{"line":34,"column":1}}},"1":{"name":"(anonymous_21)","decl":{"start":{"line":28,"column":61},"end":{"line":28,"column":67}},"loc":{"start":{"line":28,"column":61},"end":{"line":28,"column":72}}},"2":{"name":"(anonymous_22)","decl":{"start":{"line":29,"column":61},"end":{"line":29,"column":67}},"loc":{"start":{"line":29,"column":61},"end":{"line":29,"column":72}}},"3":{"name":"(anonymous_23)","decl":{"start":{"line":30,"column":61},"end":{"line":30,"column":67}},"loc":{"start":{"line":30,"column":61},"end":{"line":30,"column":72}}},"4":{"name":"(anonymous_24)","decl":{"start":{"line":36,"column":0},"end":{"line":36,"column":37}},"loc":{"start":{"line":36,"column":0},"end":{"line":155,"column":null}}},"5":{"name":"RelevanceComponentTest","decl":{"start":{"line":42,"column":4},"end":{"line":42,"column":16}},"loc":{"start":{"line":42,"column":46},"end":{"line":54,"column":5}}},"6":{"name":"(anonymous_26)","decl":{"start":{"line":59,"column":4},"end":{"line":59,"column":12}},"loc":{"start":{"line":59,"column":4},"end":{"line":72,"column":5}}},"7":{"name":"(anonymous_27)","decl":{"start":{"line":78,"column":4},"end":{"line":78,"column":17}},"loc":{"start":{"line":78,"column":4},"end":{"line":87,"column":null}}},"8":{"name":"(anonymous_30)","decl":{"start":{"line":92,"column":4},"end":{"line":92,"column":17}},"loc":{"start":{"line":92,"column":4},"end":{"line":101,"column":null}}},"9":{"name":"(anonymous_33)","decl":{"start":{"line":109,"column":4},"end":{"line":109,"column":12}},"loc":{"start":{"line":109,"column":64},"end":{"line":123,"column":5}}},"10":{"name":"(anonymous_34)","decl":{"start":{"line":128,"column":4},"end":{"line":128,"column":12}},"loc":{"start":{"line":128,"column":36},"end":{"line":137,"column":5}}},"11":{"name":"(anonymous_35)","decl":{"start":{"line":139,"column":4},"end":{"line":139,"column":10}},"loc":{"start":{"line":139,"column":4},"end":{"line":153,"column":5}}},"12":{"name":"(anonymous_36)","decl":{"start":{"line":148,"column":107},"end":{"line":148,"column":113}},"loc":{"start":{"line":148,"column":107},"end":{"line":148,"column":117}}},"13":{"name":"(anonymous_37)","decl":{"start":{"line":149,"column":107},"end":{"line":149,"column":113}},"loc":{"start":{"line":149,"column":107},"end":{"line":149,"column":117}}}},"branchMap":{"0":{"loc":{"start":{"line":43,"column":8},"end":{"line":43,"column":20}},"type":"binary-expr","locations":[{"start":{"line":43,"column":8},"end":{"line":43,"column":20}},{"start":{"line":43,"column":20},"end":{"line":43,"column":null}}]},"1":{"loc":{"start":{"line":112,"column":12},"end":{"line":114,"column":null}},"type":"if","locations":[{"start":{"line":112,"column":12},"end":{"line":114,"column":null}},{"start":{"line":112,"column":12},"end":{"line":114,"column":null}}]},"2":{"loc":{"start":{"line":112,"column":16},"end":{"line":112,"column":24}},"type":"binary-expr","locations":[{"start":{"line":112,"column":16},"end":{"line":112,"column":24}},{"start":{"line":112,"column":28},"end":{"line":112,"column":53}},{"start":{"line":112,"column":58},"end":{"line":112,"column":115}},{"start":{"line":112,"column":120},"end":{"line":112,"column":157}}]},"3":{"loc":{"start":{"line":146,"column":17},"end":{"line":146,"column":47}},"type":"binary-expr","locations":[{"start":{"line":146,"column":17},"end":{"line":146,"column":47}},{"start":{"line":146,"column":51},"end":{"line":149,"column":null}}]}},"s":{"0":1,"1":1,"2":1,"3":1,"4":1,"5":1,"6":1,"7":1,"8":1,"9":1,"10":1,"11":0,"12":0,"13":0,"14":0,"15":1,"16":1,"17":4,"18":4,"19":4,"20":4,"21":4,"22":4,"23":4,"24":4,"25":4,"26":4,"27":1,"28":3,"29":3,"30":3,"31":3,"32":0,"33":1,"34":4,"35":4,"36":4,"37":0,"38":1,"39":1,"40":1,"41":1,"42":0,"43":1,"44":0,"45":0,"46":0,"47":0,"48":0,"49":0,"50":1,"51":0,"52":0,"53":0,"54":1,"55":7,"56":7,"57":7,"58":7,"59":0,"60":0,"61":1,"62":1},"f":{"0":0,"1":0,"2":0,"3":0,"4":1,"5":4,"6":3,"7":4,"8":1,"9":0,"10":0,"11":7,"12":0,"13":0},"b":{"0":[4,4],"1":[0,0],"2":[0,0,0,0],"3":[7,3]}}
}
