TN:
SF:E:\Git\React Solutions\RecommendedContact\recommendedcontact\src\Model\ProfileModel.ts
FN:1,(anonymous_0)
FN:13,UserProfile
FNF:2
FNH:2
FNDA:3,(anonymous_0)
FNDA:3,UserProfile
DA:1,3
DA:14,3
DA:15,3
DA:16,3
DA:17,3
DA:18,3
DA:19,3
DA:20,3
DA:21,3
DA:23,3
LF:10
LH:10
BRF:0
BRH:0
end_of_record
TN:
SF:E:\Git\React Solutions\RecommendedContact\recommendedcontact\src\Model\ProjectContextModel.ts
FN:1,(anonymous_0)
FN:10,ProjectContextModel
FNF:2
FNH:2
FNDA:1,(anonymous_0)
FNDA:1,ProjectContextModel
DA:1,1
DA:11,1
DA:12,1
DA:13,1
DA:14,1
DA:15,1
DA:16,1
DA:18,1
LF:8
LH:8
BRF:0
BRH:0
end_of_record
TN:
SF:E:\Git\React Solutions\RecommendedContact\recommendedcontact\src\components\Contactcard\ContactCardsTest.tsx
FN:16,(anonymous_7)
FN:19,ContactCard
FN:31,(anonymous_9)
FN:53,(anonymous_10)
FN:59,(anonymous_11)
FN:64,(anonymous_12)
FNF:6
FNH:3
FNDA:1,(anonymous_7)
FNDA:1,ContactCard
FNDA:1,(anonymous_9)
FNDA:0,(anonymous_10)
FNDA:0,(anonymous_11)
FNDA:0,(anonymous_12)
DA:1,1
DA:2,1
DA:16,1
DA:17,1
DA:18,1
DA:20,1
DA:21,1
DA:31,1
DA:32,1
DA:53,1
DA:54,0
DA:59,1
DA:60,0
DA:64,1
DA:65,0
DA:66,0
DA:73,1
DA:75,1
LF:18
LH:14
BRDA:20,0,0,1
BRDA:20,0,1,1
BRF:2
BRH:2
end_of_record
TN:
SF:E:\Git\React Solutions\RecommendedContact\recommendedcontact\src\components\DropdownComponent\DropdownComponentTest.tsx
FN:33,(anonymous_23)
FN:40,DropdownComponentTest
FN:69,(anonymous_25)
FN:80,(anonymous_26)
FN:98,(anonymous_27)
FN:116,(anonymous_28)
FN:137,(anonymous_29)
FN:152,(anonymous_30)
FN:166,(anonymous_33)
FN:183,(anonymous_36)
FN:202,(anonymous_37)
FN:215,(anonymous_38)
FN:233,(anonymous_39)
FN:285,(anonymous_40)
FN:289,(anonymous_41)
FN:290,(anonymous_42)
FNF:16
FNH:9
FNDA:1,(anonymous_23)
FNDA:3,DropdownComponentTest
FNDA:3,(anonymous_25)
FNDA:1,(anonymous_26)
FNDA:0,(anonymous_27)
FNDA:0,(anonymous_28)
FNDA:0,(anonymous_29)
FNDA:3,(anonymous_30)
FNDA:1,(anonymous_33)
FNDA:0,(anonymous_36)
FNDA:0,(anonymous_37)
FNDA:0,(anonymous_38)
FNDA:4,(anonymous_39)
FNDA:1,(anonymous_40)
FNDA:5,(anonymous_41)
FNDA:0,(anonymous_42)
DA:2,1
DA:3,1
DA:4,1
DA:5,1
DA:6,1
DA:8,1
DA:33,1
DA:35,3
DA:36,3
DA:37,3
DA:41,3
DA:43,3
DA:45,3
DA:52,3
DA:53,3
DA:54,3
DA:55,3
DA:56,3
DA:57,3
DA:58,3
DA:59,3
DA:69,1
DA:70,3
DA:71,3
DA:72,29
DA:74,3
DA:80,1
DA:81,1
DA:82,1
DA:83,1
DA:84,1
DA:91,0
DA:98,1
DA:99,0
DA:100,0
DA:101,0
DA:102,0
DA:109,0
DA:116,1
DA:117,0
DA:118,0
DA:119,0
DA:120,0
DA:122,0
DA:125,0
DA:130,0
DA:137,1
DA:138,0
DA:139,0
DA:144,0
DA:152,1
DA:153,3
DA:154,3
DA:155,3
DA:159,0
DA:166,1
DA:167,1
DA:168,1
DA:169,1
DA:173,0
DA:183,1
DA:184,0
DA:185,0
DA:186,0
DA:187,0
DA:189,0
DA:195,0
DA:202,1
DA:203,0
DA:204,0
DA:205,0
DA:206,0
DA:209,0
DA:211,0
DA:212,0
DA:213,0
DA:214,0
DA:215,0
DA:218,0
DA:220,0
DA:222,0
DA:229,0
DA:233,1
DA:234,4
DA:247,1
DA:249,1
DA:285,1
DA:286,1
DA:290,5
DA:296,1
LF:90
LH:52
BRDA:41,0,0,3
BRDA:41,0,1,3
BRDA:186,1,0,0
BRDA:186,1,1,0
BRDA:186,2,0,0
BRDA:186,2,1,0
BRDA:186,2,2,0
BRDA:186,2,3,0
BRDA:205,3,0,0
BRDA:205,3,1,0
BRDA:214,4,0,0
BRDA:214,4,1,0
BRDA:237,5,0,4
BRDA:237,5,1,1
BRDA:289,6,0,1
BRDA:289,6,1,0
BRF:16
BRH:5
end_of_record
TN:
SF:E:\Git\React Solutions\RecommendedContact\recommendedcontact\src\components\GeoComponent\GeoComponentTest.tsx
FN:46,(anonymous_22)
FN:54,GeoComponentTest
FN:85,(anonymous_24)
FN:106,(anonymous_25)
FN:123,(anonymous_26)
FN:141,(anonymous_27)
FN:159,(anonymous_28)
FN:177,(anonymous_29)
FN:200,(anonymous_30)
FN:215,(anonymous_31)
FN:229,(anonymous_34)
FN:246,(anonymous_37)
FN:265,(anonymous_38)
FN:272,(anonymous_39)
FN:286,(anonymous_40)
FN:313,(anonymous_41)
FN:365,(anonymous_42)
FN:369,(anonymous_43)
FN:376,(anonymous_44)
FN:380,(anonymous_45)
FN:381,(anonymous_46)
FN:382,(anonymous_47)
FNF:22
FNH:14
FNDA:1,(anonymous_22)
FNDA:4,GeoComponentTest
FNDA:4,(anonymous_24)
FNDA:4,(anonymous_25)
FNDA:2,(anonymous_26)
FNDA:1,(anonymous_27)
FNDA:0,(anonymous_28)
FNDA:0,(anonymous_29)
FNDA:0,(anonymous_30)
FNDA:4,(anonymous_31)
FNDA:1,(anonymous_34)
FNDA:0,(anonymous_37)
FNDA:0,(anonymous_38)
FNDA:0,(anonymous_39)
FNDA:0,(anonymous_40)
FNDA:7,(anonymous_41)
FNDA:2,(anonymous_42)
FNDA:8,(anonymous_43)
FNDA:8,(anonymous_44)
FNDA:1,(anonymous_45)
FNDA:3,(anonymous_46)
FNDA:0,(anonymous_47)
DA:2,1
DA:3,1
DA:4,1
DA:5,1
DA:6,1
DA:8,1
DA:46,1
DA:49,4
DA:50,4
DA:51,4
DA:55,4
DA:57,4
DA:59,4
DA:67,4
DA:68,4
DA:69,4
DA:70,4
DA:71,4
DA:72,4
DA:73,4
DA:74,4
DA:75,4
DA:85,1
DA:86,4
DA:87,4
DA:88,16
DA:90,4
DA:106,1
DA:107,4
DA:108,4
DA:109,16
DA:111,4
DA:112,16
DA:113,16
DA:114,60
DA:117,4
DA:123,1
DA:124,2
DA:125,2
DA:126,2
DA:127,2
DA:134,0
DA:141,1
DA:142,1
DA:143,1
DA:144,1
DA:145,1
DA:152,0
DA:159,1
DA:160,0
DA:161,0
DA:162,0
DA:163,0
DA:170,0
DA:177,1
DA:178,0
DA:179,0
DA:180,0
DA:181,0
DA:182,0
DA:185,0
DA:188,0
DA:193,0
DA:200,1
DA:201,0
DA:202,0
DA:207,0
DA:215,1
DA:216,4
DA:217,4
DA:218,4
DA:222,0
DA:229,1
DA:230,1
DA:231,1
DA:232,1
DA:236,0
DA:246,1
DA:247,0
DA:248,0
DA:249,0
DA:250,0
DA:252,0
DA:258,0
DA:265,1
DA:266,0
DA:272,1
DA:273,0
DA:275,0
DA:276,0
DA:279,0
DA:281,0
DA:282,0
DA:283,0
DA:284,0
DA:285,0
DA:286,0
DA:287,0
DA:288,0
DA:289,0
DA:291,0
DA:292,0
DA:297,0
DA:298,0
DA:301,0
DA:309,0
DA:313,1
DA:314,7
DA:327,1
DA:329,1
DA:365,1
DA:366,2
DA:370,8
DA:376,1
DA:377,8
DA:378,8
DA:380,1
DA:382,3
DA:388,1
LF:119
LH:73
BRDA:55,0,0,4
BRDA:55,0,1,4
BRDA:249,1,0,0
BRDA:249,1,1,0
BRDA:249,2,0,0
BRDA:249,2,1,0
BRDA:249,2,2,0
BRDA:249,2,3,0
BRDA:275,3,0,0
BRDA:275,3,1,0
BRDA:283,4,0,0
BRDA:283,4,1,0
BRDA:287,5,0,0
BRDA:287,5,1,0
BRDA:287,6,0,0
BRDA:287,6,1,0
BRDA:291,7,0,0
BRDA:291,7,1,0
BRDA:317,8,0,7
BRDA:317,8,1,3
BRDA:369,9,0,2
BRDA:369,9,1,0
BRDA:377,10,0,1
BRDA:377,10,1,7
BRDA:381,11,0,8
BRDA:381,11,1,1
BRF:26
BRH:9
end_of_record
TN:
SF:E:\Git\React Solutions\RecommendedContact\recommendedcontact\src\components\Hovercard\HoverCardTest.tsx
FN:14,(anonymous_8)
FN:15,(anonymous_10)
FN:33,(anonymous_11)
FN:53,(anonymous_12)
FN:56,(anonymous_13)
FNF:5
FNH:3
FNDA:2,(anonymous_8)
FNDA:1,(anonymous_10)
FNDA:1,(anonymous_11)
FNDA:0,(anonymous_12)
FNDA:0,(anonymous_13)
DA:1,1
DA:2,1
DA:14,1
DA:15,1
DA:16,1
DA:34,1
DA:35,1
DA:53,1
DA:54,0
DA:56,1
DA:57,0
DA:59,1
DA:61,1
LF:13
LH:11
BRDA:17,0,0,1
BRDA:17,0,1,0
BRDA:34,1,0,1
BRDA:34,1,1,0
BRF:4
BRH:2
end_of_record
TN:
SF:E:\Git\React Solutions\RecommendedContact\recommendedcontact\src\components\NavBarComponent\NavBarComponentTest.tsx
FN:11,(anonymous_8)
FN:12,(anonymous_10)
FNF:2
FNH:2
FNDA:2,(anonymous_8)
FNDA:1,(anonymous_10)
DA:1,1
DA:2,1
DA:7,1
DA:11,1
DA:12,1
DA:13,1
DA:55,1
DA:57,1
LF:8
LH:8
BRF:0
BRH:0
end_of_record
TN:
SF:E:\Git\React Solutions\RecommendedContact\recommendedcontact\src\components\ProjectContext\ProjectContextTest.tsx
FN:22,(anonymous_8)
FN:24,ProjectContextTest
FN:68,(anonymous_10)
FN:78,(anonymous_11)
FN:31,(anonymous_12)
FN:34,(anonymous_13)
FN:38,(anonymous_14)
FN:42,(anonymous_15)
FN:92,(anonymous_16)
FN:106,(anonymous_17)
FNF:10
FNH:6
FNDA:1,(anonymous_8)
FNDA:2,ProjectContextTest
FNDA:12,(anonymous_10)
FNDA:0,(anonymous_11)
FNDA:2,(anonymous_12)
FNDA:1,(anonymous_13)
FNDA:2,(anonymous_14)
FNDA:0,(anonymous_15)
FNDA:0,(anonymous_16)
FNDA:0,(anonymous_17)
DA:1,1
DA:2,1
DA:7,1
DA:8,1
DA:22,1
DA:25,2
DA:26,2
DA:31,1
DA:32,2
DA:34,1
DA:35,1
DA:38,2
DA:39,2
DA:42,0
DA:68,2
DA:69,12
DA:70,12
DA:73,0
DA:78,2
DA:79,0
DA:80,0
DA:81,0
DA:82,0
DA:87,0
DA:92,1
DA:93,0
DA:94,0
DA:101,0
DA:106,1
DA:107,0
DA:108,0
DA:109,0
DA:117,0
DA:120,1
DA:122,1
LF:35
LH:21
BRDA:25,0,0,2
BRDA:25,0,1,2
BRDA:81,1,0,0
BRDA:81,1,1,0
BRDA:81,2,0,0
BRDA:81,2,1,0
BRDA:42,3,0,0
BRDA:42,3,1,2
BRDA:44,4,0,0
BRDA:44,4,1,2
BRDA:108,5,0,0
BRDA:108,5,1,0
BRF:12
BRH:4
end_of_record
TN:
SF:E:\Git\React Solutions\RecommendedContact\recommendedcontact\src\components\ProjectLinkPopUpComponent\ProjectLinkPopUpTest.tsx
FN:22,(anonymous_7)
FN:24,ProjectLinkPopUpTest
FN:35,(anonymous_9)
FN:59,(anonymous_10)
FN:67,(anonymous_11)
FNF:5
FNH:5
FNDA:1,(anonymous_7)
FNDA:1,ProjectLinkPopUpTest
FNDA:1,(anonymous_9)
FNDA:2,(anonymous_10)
FNDA:2,(anonymous_11)
DA:1,1
DA:2,1
DA:4,1
DA:9,1
DA:22,1
DA:25,1
DA:26,1
DA:35,1
DA:36,1
DA:60,2
DA:68,2
DA:101,1
DA:103,1
LF:13
LH:13
BRDA:25,0,0,1
BRDA:25,0,1,1
BRDA:59,1,0,1
BRDA:59,1,1,0
BRDA:67,2,0,1
BRDA:67,2,1,0
BRF:6
BRH:4
end_of_record
TN:
SF:E:\Git\React Solutions\RecommendedContact\recommendedcontact\src\components\RelevanceComponent\RelevanceTest.tsx
FN:25,(anonymous_20)
FN:28,(anonymous_21)
FN:29,(anonymous_22)
FN:30,(anonymous_23)
FN:36,(anonymous_24)
FN:42,RelevanceComponentTest
FN:59,(anonymous_26)
FN:78,(anonymous_27)
FN:92,(anonymous_30)
FN:109,(anonymous_33)
FN:128,(anonymous_34)
FN:139,(anonymous_35)
FN:148,(anonymous_36)
FN:149,(anonymous_37)
FNF:14
FNH:6
FNDA:0,(anonymous_20)
FNDA:0,(anonymous_21)
FNDA:0,(anonymous_22)
FNDA:0,(anonymous_23)
FNDA:1,(anonymous_24)
FNDA:4,RelevanceComponentTest
FNDA:3,(anonymous_26)
FNDA:4,(anonymous_27)
FNDA:1,(anonymous_30)
FNDA:0,(anonymous_33)
FNDA:0,(anonymous_34)
FNDA:7,(anonymous_35)
FNDA:0,(anonymous_36)
FNDA:0,(anonymous_37)
DA:1,1
DA:2,1
DA:4,1
DA:5,1
DA:6,1
DA:7,1
DA:8,1
DA:9,1
DA:10,1
DA:11,1
DA:25,1
DA:26,0
DA:28,0
DA:29,0
DA:30,0
DA:36,1
DA:38,4
DA:39,4
DA:40,4
DA:43,4
DA:45,4
DA:49,4
DA:50,4
DA:51,4
DA:52,4
DA:53,4
DA:59,1
DA:60,3
DA:61,3
DA:62,3
DA:63,3
DA:69,0
DA:78,1
DA:79,4
DA:80,4
DA:81,4
DA:85,0
DA:92,1
DA:93,1
DA:94,1
DA:95,1
DA:99,0
DA:109,1
DA:110,0
DA:111,0
DA:112,0
DA:113,0
DA:115,0
DA:121,0
DA:128,1
DA:129,0
DA:130,0
DA:135,0
DA:139,7
DA:140,7
DA:141,7
DA:143,7
DA:148,0
DA:149,0
DA:155,1
DA:156,1
LF:61
LH:43
BRDA:43,0,0,4
BRDA:43,0,1,4
BRDA:112,1,0,0
BRDA:112,1,1,0
BRDA:112,2,0,0
BRDA:112,2,1,0
BRDA:112,2,2,0
BRDA:112,2,3,0
BRDA:146,3,0,7
BRDA:146,3,1,3
BRF:10
BRH:4
end_of_record
